2025-11-26 14:48:00 | DEBUG | repo=ChainlinkOracle | action=commit
2025-03-11 07:27:00 | WARN | repo=ChainlinkOracle | action=commit
2025-05-15 19:14:00 | WARN | repo=ChainlinkOracle | action=edit | files=4
2025-07-07 07:01:00 | WARN | repo=ChainlinkOracle | action=edit | files=1
2025-04-18 07:16:00 | WARN | repo=ChainlinkOracle | action=commit
2025-02-02 09:33:00 | DEBUG | repo=ChainlinkOracle | action=commit
2025-06-26 16:00:00 | WARN | repo=ChainlinkOracle | action=commit
2025-06-04 18:54:00 | WARN | repo=ChainlinkOracle | action=commit
2025-12-12 19:09:00 | WARN | repo=ChainlinkOracle | action=commit
2025-06-18 20:17:00 | WARN | repo=ChainlinkOracle | action=commit
2025-07-04 16:22:00 | INFO | repo=ChainlinkOracle | action=pull
2025-11-13 10:25:00 | DEBUG | repo=ChainlinkOracle | action=commit
2025-03-13 21:43:00 | INFO | repo=ChainlinkOracle | action=commit
2025-12-21T11:21:00 | nonce=16214846892890481882
2025-02-16T17:35:00 | nonce=225401319824941929
2025-01-10T11:52:00 | nonce=3999350909601666124
2025-02-12T13:56:00 | nonce=6858329934496597910
2025-03-13T19:36:00 | nonce=3010699433238612161
2025-06-18T15:11:00 | nonce=18073481031892921534
2025-10-11T18:44:00 | nonce=806767359976796337
